0 info it worked if it ends with ok
1 verbose cli [ '/usr/bin/nodejs', '/usr/bin/npm', 'run', 'ssr' ]
2 info using npm@4.1.2
3 info using node@v7.6.0
4 verbose run-script [ 'pressr', 'ssr', 'postssr' ]
5 info lifecycle react-server@0.1.0~pressr: react-server@0.1.0
6 silly lifecycle react-server@0.1.0~pressr: no script for pressr, continuing
7 info lifecycle react-server@0.1.0~ssr: react-server@0.1.0
8 verbose lifecycle react-server@0.1.0~ssr: unsafe-perm in lifecycle true
9 verbose lifecycle react-server@0.1.0~ssr: PATH: /usr/lib/node_modules/npm/bin/node-gyp-bin:/mnt/c/dev/react-server/node_modules/.bin:/usr/local/sbin:/usr/local/bin:/usr/sbin:/usr/bin:/sbin:/bin:/usr/games:/usr/local/games:/mnt/c/Program Files/Docker/Docker/resources/bin:/mnt/c/Windows/System32:/mnt/c/Windows:/mnt/c/Windows/System32/wbem:/mnt/c/Windows/System32/WindowsPowerShell/v1.0:/mnt/c/Program Files (x86)/NVIDIA Corporation/PhysX/Common:/mnt/c/Windows/System32:/mnt/c/Windows:/mnt/c/Windows/System32/wbem:/mnt/c/Windows/System32/WindowsPowerShell/v1.0:/mnt/c/Program Files/nodejs:/mnt/c/ProgramData/Chocolatey/bin:/mnt/c/Users/acr/AppData/Local/Microsoft/WindowsApps:/mnt/c/Users/acr/AppData/Roaming/npm:/mnt/c/nwjs-0.19.2:/mnt/c/Users/acr/AppData/Local/atom/bin
10 verbose lifecycle react-server@0.1.0~ssr: CWD: /mnt/c/dev/react-server
11 silly lifecycle react-server@0.1.0~ssr: Args: [ '-c', 'babel-node ssr.jsx' ]
12 silly lifecycle react-server@0.1.0~ssr: Returned: code: 1  signal: null
13 info lifecycle react-server@0.1.0~ssr: Failed to exec ssr script
14 verbose stack Error: react-server@0.1.0 ssr: `babel-node ssr.jsx`
14 verbose stack Exit status 1
14 verbose stack     at EventEmitter.<anonymous> (/usr/lib/node_modules/npm/lib/utils/lifecycle.js:279:16)
14 verbose stack     at emitTwo (events.js:106:13)
14 verbose stack     at EventEmitter.emit (events.js:192:7)
14 verbose stack     at ChildProcess.<anonymous> (/usr/lib/node_modules/npm/lib/utils/spawn.js:40:14)
14 verbose stack     at emitTwo (events.js:106:13)
14 verbose stack     at ChildProcess.emit (events.js:192:7)
14 verbose stack     at maybeClose (internal/child_process.js:890:16)
14 verbose stack     at Process.ChildProcess._handle.onexit (internal/child_process.js:226:5)
15 verbose pkgid react-server@0.1.0
16 verbose cwd /mnt/c/dev/react-server
17 error Linux 4.4.0-43-Microsoft
18 error argv "/usr/bin/nodejs" "/usr/bin/npm" "run" "ssr"
19 error node v7.6.0
20 error npm  v4.1.2
21 error code ELIFECYCLE
22 error react-server@0.1.0 ssr: `babel-node ssr.jsx`
22 error Exit status 1
23 error Failed at the react-server@0.1.0 ssr script 'babel-node ssr.jsx'.
23 error Make sure you have the latest version of node.js and npm installed.
23 error If you do, this is most likely a problem with the react-server package,
23 error not with npm itself.
23 error Tell the author that this fails on your system:
23 error     babel-node ssr.jsx
23 error You can get information on how to open an issue for this project with:
23 error     npm bugs react-server
23 error Or if that isn't available, you can get their info via:
23 error     npm owner ls react-server
23 error There is likely additional logging output above.
24 verbose exit [ 1, true ]
